<?xml version="1.0" encoding="UTF-8"?>
<!-- Generated by org.testng.reporters.JUnitReportReporter -->
<testsuite skipped="0" hostname="XIAOLUO3" name="MavenProject_Test._1.TestDemo" tests="1" failures="0" timestamp="08 Jul 2017 11:15:54 GMT" time="0.032" errors="0">
  <testcase name="test_case2" time="0.032" classname="MavenProject_Test._1.TestDemo"/>
</testsuite> <!-- MavenProject_Test._1.TestDemo -->
