<?xml version="1.0" encoding="UTF-8"?>
<!-- Generated by org.testng.reporters.JUnitReportReporter -->
<testsuite skipped="0" hostname="XIAOLUO3" name="MavenProject_Test._1.OpenWebPage" tests="1" failures="0" timestamp="17 Jul 2017 10:14:50 GMT" time="52.720" errors="0">
  <testcase name="test_case1" time="52.720" classname="MavenProject_Test._1.OpenWebPage"/>
</testsuite> <!-- MavenProject_Test._1.OpenWebPage -->
