<?xml version="1.0" encoding="UTF-8"?>
<!-- Generated by org.testng.reporters.JUnitReportReporter -->
<testsuite skipped="0" hostname="XIAOLUO3" name="MavenProject_Test._1.OpenWebPage_FX" tests="1" failures="0" timestamp="17 Jul 2017 10:12:38 GMT" time="26.551" errors="0">
  <testcase name="test_case2" time="26.551" classname="MavenProject_Test._1.OpenWebPage_FX"/>
</testsuite> <!-- MavenProject_Test._1.OpenWebPage_FX -->
